Build started 4/13/2015 6:09:17 AM.
     1>Project "C:\Users\Dar\Documents\GitHub\CentralNewMexicoCommunityCollegeWork\C++\WrightP5\LohmanWrightP5\LohmanWrightP5\LohmanWrightP5.vcxproj" on node 2 (Build target(s)).
     1>ClCompile:
         C:\Program Files (x86)\Microsoft Visual Studio 12.0\VC\bin\CL.exe /c /ZI /nologo /W3 /WX- /Od /Oy- /D WIN32 /D _DEBUG /D _CONSOLE /D _UNICODE /D UNICODE /Gm /EHsc /RTC1 /MDd /GS /fp:precise /Zc:wchar_t /Zc:forScope /Fo"Debug\\" /Fd"Debug\vc120.pdb" /Gd /TP /analyze- /errorReport:prompt Date.cpp driver.cpp PatrolOfficer.cpp SpeedTrap.cpp TrafficGenerator.cpp Vehicle.cpp
         Vehicle.cpp
         TrafficGenerator.cpp
         SpeedTrap.cpp
         PatrolOfficer.cpp
         driver.cpp
         Date.cpp
     1>c:\users\dar\documents\github\centralnewmexicocommunitycollegework\c++\wrightp5\lohmanwrightp5\lohmanwrightp5\date.cpp(27): warning C4996: 'localtime': This function or variable may be unsafe. Consider using localtime_s instead. To disable deprecation, use _CRT_SECURE_NO_WARNINGS. See online help for details.
                 c:\program files (x86)\microsoft visual studio 12.0\vc\include\time.inl(112) : see declaration of 'localtime'
     1>c:\users\dar\documents\github\centralnewmexicocommunitycollegework\c++\wrightp5\lohmanwrightp5\lohmanwrightp5\date.cpp(123): warning C4996: 'localtime': This function or variable may be unsafe. Consider using localtime_s instead. To disable deprecation, use _CRT_SECURE_NO_WARNINGS. See online help for details.
                 c:\program files (x86)\microsoft visual studio 12.0\vc\include\time.inl(112) : see declaration of 'localtime'
     1>c:\users\dar\documents\github\centralnewmexicocommunitycollegework\c++\wrightp5\lohmanwrightp5\lohmanwrightp5\date.cpp(124): warning C4996: 'asctime': This function or variable may be unsafe. Consider using asctime_s instead. To disable deprecation, use _CRT_SECURE_NO_WARNINGS. See online help for details.
                 c:\program files (x86)\microsoft visual studio 12.0\vc\include\time.h(174) : see declaration of 'asctime'
         Generating Code...
       Link:
         C:\Program Files (x86)\Microsoft Visual Studio 12.0\VC\bin\link.exe /ERRORREPORT:PROMPT /OUT:"C:\Users\Dar\Documents\GitHub\CentralNewMexicoCommunityCollegeWork\C++\WrightP5\LohmanWrightP5\Debug\LohmanWrightP5.exe" /INCREMENTAL /NOLOGO kernel32.lib user32.lib gdi32.lib winspool.lib comdlg32.lib advapi32.lib shell32.lib ole32.lib oleaut32.lib uuid.lib odbc32.lib odbccp32.lib /MANIFEST /MANIFESTUAC:"level='asInvoker' uiAccess='false'" /manifest:embed /DEBUG /PDB:"C:\Users\Dar\Documents\GitHub\CentralNewMexicoCommunityCollegeWork\C++\WrightP5\LohmanWrightP5\Debug\LohmanWrightP5.pdb" /SUBSYSTEM:CONSOLE /TLBID:1 /DYNAMICBASE /NXCOMPAT /IMPLIB:"C:\Users\Dar\Documents\GitHub\CentralNewMexicoCommunityCollegeWork\C++\WrightP5\LohmanWrightP5\Debug\LohmanWrightP5.lib" /MACHINE:X86 Debug\Date.obj
         Debug\driver.obj
         Debug\PatrolOfficer.obj
         Debug\SpeedTrap.obj
         Debug\TrafficGenerator.obj
         Debug\Vehicle.obj
         LohmanWrightP5.vcxproj -> C:\Users\Dar\Documents\GitHub\CentralNewMexicoCommunityCollegeWork\C++\WrightP5\LohmanWrightP5\Debug\LohmanWrightP5.exe
     1>Done Building Project "C:\Users\Dar\Documents\GitHub\CentralNewMexicoCommunityCollegeWork\C++\WrightP5\LohmanWrightP5\LohmanWrightP5\LohmanWrightP5.vcxproj" (Build target(s)).

Build succeeded.

Time Elapsed 00:00:03.04
